<?xml version="1.0" encoding="UTF-8"?>
<testng-results skipped="0" failed="0" ignored="0" total="1" passed="1">
  <reporter-output>
  </reporter-output>
  <suite name="Default suite" duration-ms="113748" started-at="2018-12-13T10:24:04Z" finished-at="2018-12-13T10:25:58Z">
    <groups>
    </groups>
    <test name="Default test" duration-ms="113748" started-at="2018-12-13T10:24:04Z" finished-at="2018-12-13T10:25:58Z">
      <class name="testcase.ExecuteTest">
        <test-method status="PASS" signature="testLogin()[pri:0, instance:testcase.ExecuteTest@60285225]" name="testLogin" duration-ms="113730" started-at="2018-12-13T10:24:04Z" finished-at="2018-12-13T10:25:58Z">
          <reporter-output>
          </reporter-output>
        </test-method> <!-- testLogin -->
      </class> <!-- testcase.ExecuteTest -->
    </test> <!-- Default test -->
  </suite> <!-- Default suite -->
</testng-results>
